<?xml version="1.0" encoding="UTF-8"?>
<testsuite name="runner.TestRunner" time="0.505" tests="104" errors="0" skipped="0" failures="0">
  <properties>
[...]
</properties>
  <testcase name="Given the form is opened" classname="|  |" time="0.005"/>
  <testcase name="Given the form is opened" classname="|  |" time="0"/>
  <testcase name="Given the form is opened" classname="|  |" time="0"/>
  <testcase name="When the user enters invalid &quot;&quot; in Name field" classname="|  |" time="0"/>
  <testcase name="Then the error should appear for Name field" classname="|  |" time="0"/>
  <testcase name="|  |" classname="|  |" time="0.026"/>
  <testcase name="|  |" classname="|  |" time="0.027"/>
  <testcase name="|  |" classname="|  |" time="0.027"/>
  <testcase name="Given the form is opened" classname="| This is an invalid value to test |" time="0"/>
  <testcase name="When the user enters invalid &quot;This is an invalid value to test&quot; in Name field" classname="| This is an invalid value to test |" time="0"/>
  <testcase name="Then the error should appear for Name field" classname="| This is an invalid value to test |" time="0"/>
  <testcase name="| This is an invalid value to test |" classname="| This is an invalid value to test |" time="0.022"/>
  <testcase name="Given the form is opened" classname="| Jenny |" time="0"/>
  <testcase name="When the user enters valid &quot;Jenny&quot; in Name field" classname="| Jenny |" time="0"/>
  <testcase name="Then the error should not appear for Name field" classname="| Jenny |" time="0"/>
  <testcase name="| Jenny |" classname="| Jenny |" time="0.022"/>
  <testcase name="Given the form is opened" classname="| Junior M. Mathew |" time="0"/>
  <testcase name="When the user enters valid &quot;Junior M. Mathew&quot; in Name field" classname="| Junior M. Mathew |" time="0"/>
  <testcase name="Then the error should not appear for Name field" classname="| Junior M. Mathew |" time="0"/>
  <testcase name="| Junior M. Mathew |" classname="| Junior M. Mathew |" time="0.022"/>
  <testcase name="When the user enters invalid &quot;&quot; in Age field" classname="|  |" time="0"/>
  <testcase name="Then the error should appear for Age field" classname="|  |" time="0"/>
  <testcase name="Given the form is opened" classname="| 17 |" time="0"/>
  <testcase name="When the user enters invalid &quot;17&quot; in Age field" classname="| 17 |" time="0"/>
  <testcase name="Then the error should appear for Age field" classname="| 17 |" time="0"/>
  <testcase name="| 17 |" classname="| 17 |" time="0.026"/>
  <testcase name="Given the form is opened" classname="| 18 |" time="0"/>
  <testcase name="When the user enters valid &quot;18&quot; in Age field" classname="| 18 |" time="0"/>
  <testcase name="Then the error should not appear for Age field" classname="| 18 |" time="0"/>
  <testcase name="| 18 |" classname="| 18 |" time="0.033"/>
  <testcase name="Given the form is opened" classname="| 101 |" time="0"/>
  <testcase name="When the user enters valid &quot;101&quot; in Age field" classname="| 101 |" time="0"/>
  <testcase name="Then the error should not appear for Age field" classname="| 101 |" time="0"/>
  <testcase name="| 101 |" classname="| 101 |" time="0.029"/>
  <testcase name="When the user enters invalid &quot;&quot; in Password field" classname="|  |" time="0"/>
  <testcase name="Then the error should appear for Password field" classname="|  |" time="0"/>
  <testcase name="Given the form is opened" classname="| A123456 |" time="0"/>
  <testcase name="When the user enters invalid &quot;A123456&quot; in Password field" classname="| A123456 |" time="0"/>
  <testcase name="Then the error should appear for Password field" classname="| A123456 |" time="0"/>
  <testcase name="| A123456 |" classname="| A123456 |" time="0.03"/>
  <testcase name="Given the form is opened" classname="| A123456789012345 |" time="0"/>
  <testcase name="When the user enters invalid &quot;A123456789012345&quot; in Password field" classname="| A123456789012345 |" time="0"/>
  <testcase name="Then the error should appear for Password field" classname="| A123456789012345 |" time="0"/>
  <testcase name="| A123456789012345 |" classname="| A123456789012345 |" time="0.023"/>
  <testcase name="Given the form is opened" classname="| A1234567 |" time="0"/>
  <testcase name="When the user enters valid &quot;A1234567&quot; in Password field" classname="| A1234567 |" time="0"/>
  <testcase name="Then the error should not appear for Password field" classname="| A1234567 |" time="0"/>
  <testcase name="| A1234567 |" classname="| A1234567 |" time="0.027"/>
  <testcase name="Given the form is opened" classname="| A12345678901234 |" time="0"/>
  <testcase name="When the user enters valid &quot;A12345678901234&quot; in Password field" classname="| A12345678901234 |" time="0"/>
  <testcase name="Then the error should not appear for Password field" classname="| A12345678901234 |" time="0"/>
  <testcase name="| A12345678901234 |" classname="| A12345678901234 |" time="0.027"/>
  <testcase name="Given the form is opened" classname="| A1234567 | A1234bc |" time="0"/>
  <testcase name="When the user enters valid &quot;A1234567&quot; in Password field" classname="| A1234567 | A1234bc |" time="0"/>
  <testcase name="And the user enters invalid &quot;A1234bc&quot; in Confirm Password field" classname="| A1234567 | A1234bc |" time="0"/>
  <testcase name="Then the error should appear for Confirm Password field" classname="| A1234567 | A1234bc |" time="0"/>
  <testcase name="| A1234567 | A1234bc |" classname="| A1234567 | A1234bc |" time="0.026"/>
  <testcase name="Given the form is opened" classname="| ABC345678901234 | abc345678901234 |" time="0"/>
  <testcase name="When the user enters valid &quot;ABC345678901234&quot; in Password field" classname="| ABC345678901234 | abc345678901234 |" time="0"/>
  <testcase name="And the user enters invalid &quot;abc345678901234&quot; in Confirm Password field" classname="| ABC345678901234 | abc345678901234 |" time="0"/>
  <testcase name="Then the error should appear for Confirm Password field" classname="| ABC345678901234 | abc345678901234 |" time="0"/>
  <testcase name="| ABC345678901234 | abc345678901234 |" classname="| ABC345678901234 | abc345678901234 |" time="0.026"/>
  <testcase name="Given the form is opened" classname="| A1234567 | A1234567 |" time="0"/>
  <testcase name="When the user enters valid &quot;A1234567&quot; in Password field" classname="| A1234567 | A1234567 |" time="0"/>
  <testcase name="When the user enters valid &quot;A1234567&quot; in Confirm Password field" classname="| A1234567 | A1234567 |" time="0"/>
  <testcase name="Then the error should not appear for Confirm Password field" classname="| A1234567 | A1234567 |" time="0.001"/>
  <testcase name="| A1234567 | A1234567 |" classname="| A1234567 | A1234567 |" time="0.039"/>
  <testcase name="Given the form is opened" classname="| A12345678901234 | A12345678901234 |" time="0"/>
  <testcase name="When the user enters valid &quot;A12345678901234&quot; in Password field" classname="| A12345678901234 | A12345678901234 |" time="0"/>
  <testcase name="When the user enters valid &quot;A12345678901234&quot; in Confirm Password field" classname="| A12345678901234 | A12345678901234 |" time="0"/>
  <testcase name="Then the error should not appear for Confirm Password field" classname="| A12345678901234 | A12345678901234 |" time="0"/>
  <testcase name="| A12345678901234 | A12345678901234 |" classname="| A12345678901234 | A12345678901234 |" time="0.028"/>
  <testcase name="Given the form is opened" classname="| chess |" time="0"/>
  <testcase name="When the user enters the &quot;chess&quot; in Hobby field" classname="| chess |" time="0"/>
  <testcase name="And clicks on the Add button" classname="| chess |" time="0"/>
  <testcase name="Then the entered &quot;chess&quot; should appear above the Hobby field" classname="| chess |" time="0"/>
  <testcase name="And the hobby field should disappear from the textbox" classname="| chess |" time="0"/>
  <testcase name="| chess |" classname="| chess |" time="0.024"/>
  <testcase name="Given the form is opened" classname="| baseball |" time="0"/>
  <testcase name="When the user enters the &quot;baseball&quot; in Hobby field" classname="| baseball |" time="0"/>
  <testcase name="And clicks on the Add button" classname="| baseball |" time="0"/>
  <testcase name="Then the entered &quot;baseball&quot; should appear above the Hobby field" classname="| baseball |" time="0"/>
  <testcase name="And the hobby field should disappear from the textbox" classname="| baseball |" time="0"/>
  <testcase name="| baseball |" classname="| baseball |" time="0.024"/>
  <testcase name="Given the form is opened" classname="| watching tv |" time="0"/>
  <testcase name="When the user enters the &quot;watching tv&quot; in Hobby field" classname="| watching tv |" time="0"/>
  <testcase name="And clicks on the Add button" classname="| watching tv |" time="0"/>
  <testcase name="Then the entered &quot;watching tv&quot; should appear above the Hobby field" classname="| watching tv |" time="0"/>
  <testcase name="And the hobby field should disappear from the textbox" classname="| watching tv |" time="0"/>
  <testcase name="| watching tv |" classname="| watching tv |" time="0.023"/>
  <testcase name="Given the form is opened" classname="| Jenny Jackson | 19 | A1234567 | chess |" time="0"/>
  <testcase name="When the user enters valid &quot;Jenny Jackson&quot; in Name field" classname="| Jenny Jackson | 19 | A1234567 | chess |" time="0"/>
  <testcase name="Then the error should not appear for Name field" classname="| Jenny Jackson | 19 | A1234567 | chess |" time="0"/>
  <testcase name="Then the user enters valid &quot;19&quot; in Age field" classname="| Jenny Jackson | 19 | A1234567 | chess |" time="0"/>
  <testcase name="Then the error should not appear for Age field" classname="| Jenny Jackson | 19 | A1234567 | chess |" time="0"/>
  <testcase name="Then the user enters valid &quot;A1234567&quot; in Password field" classname="| Jenny Jackson | 19 | A1234567 | chess |" time="0"/>
  <testcase name="Then the error should not appear for Password field" classname="| Jenny Jackson | 19 | A1234567 | chess |" time="0"/>
  <testcase name="Then the user enters valid &quot;A1234567&quot; in Confirm Password field" classname="| Jenny Jackson | 19 | A1234567 | chess |" time="0"/>
  <testcase name="Then the error should not appear for Confirm Password field" classname="| Jenny Jackson | 19 | A1234567 | chess |" time="0"/>
  <testcase name="Then the user enters the &quot;chess&quot; in Hobby field" classname="| Jenny Jackson | 19 | A1234567 | chess |" time="0"/>
  <testcase name="And clicks on the Add button" classname="| Jenny Jackson | 19 | A1234567 | chess |" time="0"/>
  <testcase name="Then the entered &quot;chess&quot; should appear above the Hobby field" classname="| Jenny Jackson | 19 | A1234567 | chess |" time="0"/>
  <testcase name="And the hobby field should disappear from the textbox" classname="| Jenny Jackson | 19 | A1234567 | chess |" time="0"/>
  <testcase name="| Jenny Jackson | 19 | A1234567 | chess |" classname="| Jenny Jackson | 19 | A1234567 | chess |" time="0.022"/>
</testsuite>