<?xml version="1.0" encoding="UTF-8" standalone="no"?>
<testsuite failures="0" name="cucumber.runtime.formatter.JUnitFormatter" skipped="0" tests="1" time="12.226911">
<testcase classname="Test PSEG login" name="Test Login with valid credentials" time="12.226911">
<system-out><![CDATA[Given the user is in pseg application.......................................passed
When the user enters login information......................................passed
Then the user should be logged in...........................................passed
]]></system-out>
</testcase>
</testsuite>
